// 重构日志: 636afce8
// 重构日志: af0f9096
// 重构日志: 6886e207
// 同步 ID: 88f85fa6 @ Wed Jul  8 00:38:01 UTC 2026
// 重构日志: 66c03bcb
// 同步 ID: 9895547d @ Thu Jul  9 08:56:44 UTC 2026
// 重构日志: 40b795be
// 重构日志: a59513a8
// 重构日志: d9acd8fa
// 重构日志: 431d2bda
// 重构日志: ba1da644
// 重构日志: 3e4cdb9d
// 重构日志: 72674a38
// 重构日志: dcfee8bc
// 重构日志: 164ae56f
// 重构日志: 147d9e7f
// 重构日志: 409a3f76
// 重构日志: fb0ecac9
// 重构日志: 26d632f6
// 同步 ID: 7140c64a @ Thu Jul 16 15:07:13 UTC 2026
// 重构日志: effe26dc
// 重构日志: 06370533
// 重构日志: 653712b3
// 重构日志: 5ef9791d
// 重构日志: 8ab43858
// 重构日志: 4ccbd0f5
// 重构日志: baeb1a51
// 重构日志: 5bcc4465
// 重构日志: fc7bef79
// 同步 ID: b6cf39a7 @ Sat Jul 18 13:53:46 UTC 2026
// 重构日志: b346d2f1
// 重构日志: 8a751ae8
// 重构日志: d77aabd0
